{"D:\\Documents\\GitHub\\Individual-Git-Exercise\\basicSort.js": {"path":"D:\\Documents\\GitHub\\Individual-Git-Exercise\\basicSort.js","statementMap":{"0":{"start":{"line":1,"column":0},"end":{"line":18,"column":1}},"1":{"start":{"line":2,"column":20},"end":{"line":2,"column":38}},"2":{"start":{"line":3,"column":4},"end":{"line":15,"column":5}},"3":{"start":{"line":3,"column":17},"end":{"line":3,"column":18}},"4":{"start":{"line":4,"column":29},"end":{"line":4,"column":43}},"5":{"start":{"line":5,"column":20},"end":{"line":5,"column":21}},"6":{"start":{"line":6,"column":8},"end":{"line":11,"column":9}},"7":{"start":{"line":6,"column":21},"end":{"line":6,"column":26}},"8":{"start":{"line":7,"column":12},"end":{"line":10,"column":13}},"9":{"start":{"line":8,"column":16},"end":{"line":8,"column":47}},"10":{"start":{"line":9,"column":16},"end":{"line":9,"column":25}},"11":{"start":{"line":12,"column":19},"end":{"line":12,"column":33}},"12":{"start":{"line":13,"column":8},"end":{"line":13,"column":39}},"13":{"start":{"line":14,"column":8},"end":{"line":14,"column":33}},"14":{"start":{"line":16,"column":4},"end":{"line":16,"column":29}},"15":{"start":{"line":17,"column":4},"end":{"line":17,"column":22}}},"fnMap":{"0":{"name":"(anonymous_0)","decl":{"start":{"line":1,"column":17},"end":{"line":1,"column":18}},"loc":{"start":{"line":1,"column":34},"end":{"line":18,"column":1}},"line":1}},"branchMap":{"0":{"loc":{"start":{"line":7,"column":12},"end":{"line":10,"column":13}},"type":"if","locations":[{"start":{"line":7,"column":12},"end":{"line":10,"column":13}},{"start":{"line":7,"column":12},"end":{"line":10,"column":13}}],"line":7}},"s":{"0":1,"1":2,"2":2,"3":2,"4":12,"5":12,"6":12,"7":12,"8":39,"9":8,"10":8,"11":12,"12":12,"13":12,"14":2,"15":2},"f":{"0":2},"b":{"0":[8,31]},"_coverageSchema":"1a1c01bbd47fc00a2c39e90264f33305004495a9","hash":"e4fc3288e7f4432b46e4a0ee4f32336276cfb14f"}
}
